library/build/intermediates/manifest_merge_blame_file/debug/manifest-merger-blame-debug-report.txt
1<?xml version="1.0" encoding="utf-8"?>
2<manifest xmlns:android="http://schemas.android.com/apk/res/android"
3    package="com.parkly.SmartAlert" >
4
5    <uses-sdk
6        android:minSdkVersion="14"
6-->src/main/AndroidManifest.xml
7        android:targetSdkVersion="30" />
7-->src/main/AndroidManifest.xml
8
9    <application
9-->src/main/AndroidManifest.xml:4:5-5:67
10        android:label="@string/app_name"
10-->src/main/AndroidManifest.xml:4:18-50
11        android:theme="@style/Theme.AppCompat.Light.NoActionBar" />
11-->src/main/AndroidManifest.xml:5:9-65
12
13</manifest>